{"/Users/fridley/Documents/TFT/review-bot-server/src/entities/User.js": {"path":"/Users/fridley/Documents/TFT/review-bot-server/src/entities/User.js","statementMap":{"0":{"start":{"line":1,"column":25},"end":{"line":1,"column":43}},"1":{"start":{"line":3,"column":0},"end":{"line":46,"column":3}}},"fnMap":{},"branchMap":{},"s":{"0":0,"1":0},"f":{},"b":{}}
,"/Users/fridley/Documents/TFT/review-bot-server/src/entities/Video.js": {"path":"/Users/fridley/Documents/TFT/review-bot-server/src/entities/Video.js","statementMap":{"0":{"start":{"line":1,"column":25},"end":{"line":1,"column":43}},"1":{"start":{"line":3,"column":0},"end":{"line":70,"column":3}}},"fnMap":{},"branchMap":{},"s":{"0":0,"1":0},"f":{},"b":{}}
,"/Users/fridley/Documents/TFT/review-bot-server/src/middleware/auth.js": {"path":"/Users/fridley/Documents/TFT/review-bot-server/src/middleware/auth.js","statementMap":{"0":{"start":{"line":5,"column":20},"end":{"line":16,"column":1}},"1":{"start":{"line":7,"column":2},"end":{"line":12,"column":3}},"2":{"start":{"line":8,"column":4},"end":{"line":11,"column":7}},"3":{"start":{"line":15,"column":2},"end":{"line":15,"column":9}},"4":{"start":{"line":22,"column":18},"end":{"line":26,"column":1}},"5":{"start":{"line":23,"column":2},"end":{"line":23,"column":62}},"6":{"start":{"line":24,"column":2},"end":{"line":24,"column":43}},"7":{"start":{"line":25,"column":2},"end":{"line":25,"column":9}},"8":{"start":{"line":28,"column":0},"end":{"line":31,"column":2}}},"fnMap":{"0":{"name":"(anonymous_0)","decl":{"start":{"line":5,"column":20},"end":{"line":5,"column":21}},"loc":{"start":{"line":5,"column":40},"end":{"line":16,"column":1}},"line":5},"1":{"name":"(anonymous_1)","decl":{"start":{"line":22,"column":18},"end":{"line":22,"column":19}},"loc":{"start":{"line":22,"column":38},"end":{"line":26,"column":1}},"line":22}},"branchMap":{"0":{"loc":{"start":{"line":7,"column":2},"end":{"line":12,"column":3}},"type":"if","locations":[{"start":{"line":7,"column":2},"end":{"line":12,"column":3}},{"start":{},"end":{}}],"line":7},"1":{"loc":{"start":{"line":7,"column":6},"end":{"line":7,"column":41}},"type":"binary-expr","locations":[{"start":{"line":7,"column":6},"end":{"line":7,"column":18}},{"start":{"line":7,"column":22},"end":{"line":7,"column":41}}],"line":7},"2":{"loc":{"start":{"line":23,"column":27},"end":{"line":23,"column":60}},"type":"binary-expr","locations":[{"start":{"line":23,"column":27},"end":{"line":23,"column":38}},{"start":{"line":23,"column":42},"end":{"line":23,"column":60}}],"line":23},"3":{"loc":{"start":{"line":24,"column":15},"end":{"line":24,"column":42}},"type":"binary-expr","locations":[{"start":{"line":24,"column":15},"end":{"line":24,"column":34}},{"start":{"line":24,"column":38},"end":{"line":24,"column":42}}],"line":24}},"s":{"0":0,"1":0,"2":0,"3":0,"4":0,"5":0,"6":0,"7":0,"8":0},"f":{"0":0,"1":0},"b":{"0":[0,0],"1":[0,0],"2":[0,0],"3":[0,0]}}
,"/Users/fridley/Documents/TFT/review-bot-server/src/middleware/upload.js": {"path":"/Users/fridley/Documents/TFT/review-bot-server/src/middleware/upload.js","statementMap":{"0":{"start":{"line":1,"column":15},"end":{"line":1,"column":32}},"1":{"start":{"line":4,"column":16},"end":{"line":4,"column":38}},"2":{"start":{"line":7,"column":19},"end":{"line":29,"column":1}},"3":{"start":{"line":8,"column":27},"end":{"line":17,"column":3}},"4":{"start":{"line":19,"column":2},"end":{"line":28,"column":3}},"5":{"start":{"line":20,"column":4},"end":{"line":20,"column":19}},"6":{"start":{"line":22,"column":4},"end":{"line":27,"column":6}},"7":{"start":{"line":32,"column":15},"end":{"line":38,"column":2}},"8":{"start":{"line":40,"column":0},"end":{"line":40,"column":24}}},"fnMap":{"0":{"name":"(anonymous_0)","decl":{"start":{"line":7,"column":19},"end":{"line":7,"column":20}},"loc":{"start":{"line":7,"column":38},"end":{"line":29,"column":1}},"line":7}},"branchMap":{"0":{"loc":{"start":{"line":19,"column":2},"end":{"line":28,"column":3}},"type":"if","locations":[{"start":{"line":19,"column":2},"end":{"line":28,"column":3}},{"start":{"line":21,"column":9},"end":{"line":28,"column":3}}],"line":19}},"s":{"0":0,"1":0,"2":0,"3":0,"4":0,"5":0,"6":0,"7":0,"8":0},"f":{"0":0},"b":{"0":[0,0]}}
,"/Users/fridley/Documents/TFT/review-bot-server/src/repositories/UserRepository.js": {"path":"/Users/fridley/Documents/TFT/review-bot-server/src/repositories/UserRepository.js","statementMap":{"0":{"start":{"line":1,"column":26},"end":{"line":1,"column":58}},"1":{"start":{"line":2,"column":28},"end":{"line":2,"column":56}},"2":{"start":{"line":10,"column":4},"end":{"line":10,"column":27}},"3":{"start":{"line":17,"column":4},"end":{"line":19,"column":5}},"4":{"start":{"line":18,"column":6},"end":{"line":18,"column":55}},"5":{"start":{"line":20,"column":4},"end":{"line":20,"column":58}},"6":{"start":{"line":21,"column":4},"end":{"line":21,"column":16}},"7":{"start":{"line":30,"column":17},"end":{"line":30,"column":49}},"8":{"start":{"line":31,"column":4},"end":{"line":31,"column":44}},"9":{"start":{"line":40,"column":4},"end":{"line":40,"column":51}},"10":{"start":{"line":49,"column":4},"end":{"line":49,"column":54}},"11":{"start":{"line":59,"column":4},"end":{"line":59,"column":57}},"12":{"start":{"line":68,"column":4},"end":{"line":68,"column":58}},"13":{"start":{"line":78,"column":17},"end":{"line":78,"column":46}},"14":{"start":{"line":79,"column":4},"end":{"line":81,"column":5}},"15":{"start":{"line":80,"column":6},"end":{"line":80,"column":18}},"16":{"start":{"line":84,"column":4},"end":{"line":86,"column":5}},"17":{"start":{"line":85,"column":6},"end":{"line":85,"column":18}},"18":{"start":{"line":88,"column":20},"end":{"line":88,"column":66}},"19":{"start":{"line":89,"column":4},"end":{"line":91,"column":5}},"20":{"start":{"line":90,"column":6},"end":{"line":90,"column":18}},"21":{"start":{"line":94,"column":52},"end":{"line":94,"column":56}},"22":{"start":{"line":95,"column":4},"end":{"line":95,"column":31}},"23":{"start":{"line":105,"column":4},"end":{"line":105,"column":49}},"24":{"start":{"line":106,"column":4},"end":{"line":106,"column":35}},"25":{"start":{"line":115,"column":19},"end":{"line":115,"column":51}},"26":{"start":{"line":116,"column":4},"end":{"line":116,"column":31}},"27":{"start":{"line":124,"column":4},"end":{"line":126,"column":7}},"28":{"start":{"line":130,"column":0},"end":{"line":130,"column":38}}},"fnMap":{"0":{"name":"(anonymous_0)","decl":{"start":{"line":9,"column":2},"end":{"line":9,"column":3}},"loc":{"start":{"line":9,"column":16},"end":{"line":11,"column":3}},"line":9},"1":{"name":"(anonymous_1)","decl":{"start":{"line":16,"column":2},"end":{"line":16,"column":3}},"loc":{"start":{"line":16,"column":15},"end":{"line":22,"column":3}},"line":16},"2":{"name":"(anonymous_2)","decl":{"start":{"line":29,"column":2},"end":{"line":29,"column":3}},"loc":{"start":{"line":29,"column":29},"end":{"line":32,"column":3}},"line":29},"3":{"name":"(anonymous_3)","decl":{"start":{"line":39,"column":2},"end":{"line":39,"column":3}},"loc":{"start":{"line":39,"column":21},"end":{"line":41,"column":3}},"line":39},"4":{"name":"(anonymous_4)","decl":{"start":{"line":48,"column":2},"end":{"line":48,"column":3}},"loc":{"start":{"line":48,"column":27},"end":{"line":50,"column":3}},"line":48},"5":{"name":"(anonymous_5)","decl":{"start":{"line":58,"column":2},"end":{"line":58,"column":3}},"loc":{"start":{"line":58,"column":33},"end":{"line":60,"column":3}},"line":58},"6":{"name":"(anonymous_6)","decl":{"start":{"line":67,"column":2},"end":{"line":67,"column":3}},"loc":{"start":{"line":67,"column":35},"end":{"line":69,"column":3}},"line":67},"7":{"name":"(anonymous_7)","decl":{"start":{"line":77,"column":2},"end":{"line":77,"column":3}},"loc":{"start":{"line":77,"column":38},"end":{"line":96,"column":3}},"line":77},"8":{"name":"(anonymous_8)","decl":{"start":{"line":104,"column":2},"end":{"line":104,"column":3}},"loc":{"start":{"line":104,"column":35},"end":{"line":107,"column":3}},"line":104},"9":{"name":"(anonymous_9)","decl":{"start":{"line":114,"column":2},"end":{"line":114,"column":3}},"loc":{"start":{"line":114,"column":23},"end":{"line":117,"column":3}},"line":114},"10":{"name":"(anonymous_10)","decl":{"start":{"line":123,"column":2},"end":{"line":123,"column":3}},"loc":{"start":{"line":123,"column":18},"end":{"line":127,"column":3}},"line":123}},"branchMap":{"0":{"loc":{"start":{"line":17,"column":4},"end":{"line":19,"column":5}},"type":"if","locations":[{"start":{"line":17,"column":4},"end":{"line":19,"column":5}},{"start":{},"end":{}}],"line":17},"1":{"loc":{"start":{"line":79,"column":4},"end":{"line":81,"column":5}},"type":"if","locations":[{"start":{"line":79,"column":4},"end":{"line":81,"column":5}},{"start":{},"end":{}}],"line":79},"2":{"loc":{"start":{"line":84,"column":4},"end":{"line":86,"column":5}},"type":"if","locations":[{"start":{"line":84,"column":4},"end":{"line":86,"column":5}},{"start":{},"end":{}}],"line":84},"3":{"loc":{"start":{"line":89,"column":4},"end":{"line":91,"column":5}},"type":"if","locations":[{"start":{"line":89,"column":4},"end":{"line":91,"column":5}},{"start":{},"end":{}}],"line":89}},"s":{"0":1,"1":1,"2":1,"3":21,"4":1,"5":20,"6":20,"7":2,"8":2,"9":4,"10":6,"11":1,"12":1,"13":4,"14":4,"15":1,"16":3,"17":1,"18":2,"19":2,"20":1,"21":1,"22":1,"23":2,"24":2,"25":2,"26":2,"27":2,"28":1},"f":{"0":1,"1":21,"2":2,"3":4,"4":6,"5":1,"6":1,"7":4,"8":2,"9":2,"10":2},"b":{"0":[1,20],"1":[1,3],"2":[1,2],"3":[1,1]},"_coverageSchema":"1a1c01bbd47fc00a2c39e90264f33305004495a9","hash":"cd0ba3e47fde6b3a0b1c95c4985e739cbdcd070d"}
,"/Users/fridley/Documents/TFT/review-bot-server/src/repositories/VideoRepository.js": {"path":"/Users/fridley/Documents/TFT/review-bot-server/src/repositories/VideoRepository.js","statementMap":{"0":{"start":{"line":1,"column":26},"end":{"line":1,"column":58}},"1":{"start":{"line":5,"column":4},"end":{"line":5,"column":27}},"2":{"start":{"line":9,"column":4},"end":{"line":11,"column":5}},"3":{"start":{"line":10,"column":6},"end":{"line":10,"column":55}},"4":{"start":{"line":12,"column":4},"end":{"line":12,"column":59}},"5":{"start":{"line":16,"column":4},"end":{"line":18,"column":5}},"6":{"start":{"line":17,"column":6},"end":{"line":17,"column":24}},"7":{"start":{"line":20,"column":18},"end":{"line":20,"column":51}},"8":{"start":{"line":21,"column":4},"end":{"line":21,"column":45}},"9":{"start":{"line":25,"column":4},"end":{"line":27,"column":5}},"10":{"start":{"line":26,"column":6},"end":{"line":26,"column":24}},"11":{"start":{"line":29,"column":4},"end":{"line":29,"column":51}},"12":{"start":{"line":33,"column":4},"end":{"line":35,"column":5}},"13":{"start":{"line":34,"column":6},"end":{"line":34,"column":24}},"14":{"start":{"line":37,"column":4},"end":{"line":40,"column":7}},"15":{"start":{"line":44,"column":4},"end":{"line":46,"column":5}},"16":{"start":{"line":45,"column":6},"end":{"line":45,"column":24}},"17":{"start":{"line":48,"column":4},"end":{"line":51,"column":7}},"18":{"start":{"line":55,"column":4},"end":{"line":57,"column":5}},"19":{"start":{"line":56,"column":6},"end":{"line":56,"column":24}},"20":{"start":{"line":59,"column":18},"end":{"line":59,"column":41}},"21":{"start":{"line":60,"column":4},"end":{"line":62,"column":5}},"22":{"start":{"line":61,"column":6},"end":{"line":61,"column":18}},"23":{"start":{"line":64,"column":4},"end":{"line":64,"column":37}},"24":{"start":{"line":65,"column":4},"end":{"line":65,"column":45}},"25":{"start":{"line":69,"column":4},"end":{"line":71,"column":5}},"26":{"start":{"line":70,"column":6},"end":{"line":70,"column":24}},"27":{"start":{"line":73,"column":19},"end":{"line":73,"column":51}},"28":{"start":{"line":74,"column":4},"end":{"line":74,"column":31}},"29":{"start":{"line":78,"column":4},"end":{"line":80,"column":5}},"30":{"start":{"line":79,"column":6},"end":{"line":79,"column":24}},"31":{"start":{"line":82,"column":4},"end":{"line":84,"column":7}},"32":{"start":{"line":88,"column":0},"end":{"line":88,"column":39}}},"fnMap":{"0":{"name":"(anonymous_0)","decl":{"start":{"line":4,"column":2},"end":{"line":4,"column":3}},"loc":{"start":{"line":4,"column":16},"end":{"line":6,"column":3}},"line":4},"1":{"name":"(anonymous_1)","decl":{"start":{"line":8,"column":2},"end":{"line":8,"column":3}},"loc":{"start":{"line":8,"column":15},"end":{"line":13,"column":3}},"line":8},"2":{"name":"(anonymous_2)","decl":{"start":{"line":15,"column":2},"end":{"line":15,"column":3}},"loc":{"start":{"line":15,"column":31},"end":{"line":22,"column":3}},"line":15},"3":{"name":"(anonymous_3)","decl":{"start":{"line":24,"column":2},"end":{"line":24,"column":3}},"loc":{"start":{"line":24,"column":21},"end":{"line":30,"column":3}},"line":24},"4":{"name":"(anonymous_4)","decl":{"start":{"line":32,"column":2},"end":{"line":32,"column":3}},"loc":{"start":{"line":32,"column":29},"end":{"line":41,"column":3}},"line":32},"5":{"name":"(anonymous_5)","decl":{"start":{"line":43,"column":2},"end":{"line":43,"column":3}},"loc":{"start":{"line":43,"column":29},"end":{"line":52,"column":3}},"line":43},"6":{"name":"(anonymous_6)","decl":{"start":{"line":54,"column":2},"end":{"line":54,"column":3}},"loc":{"start":{"line":54,"column":36},"end":{"line":66,"column":3}},"line":54},"7":{"name":"(anonymous_7)","decl":{"start":{"line":68,"column":2},"end":{"line":68,"column":3}},"loc":{"start":{"line":68,"column":24},"end":{"line":75,"column":3}},"line":68},"8":{"name":"(anonymous_8)","decl":{"start":{"line":77,"column":2},"end":{"line":77,"column":3}},"loc":{"start":{"line":77,"column":18},"end":{"line":85,"column":3}},"line":77}},"branchMap":{"0":{"loc":{"start":{"line":9,"column":4},"end":{"line":11,"column":5}},"type":"if","locations":[{"start":{"line":9,"column":4},"end":{"line":11,"column":5}},{"start":{},"end":{}}],"line":9},"1":{"loc":{"start":{"line":16,"column":4},"end":{"line":18,"column":5}},"type":"if","locations":[{"start":{"line":16,"column":4},"end":{"line":18,"column":5}},{"start":{},"end":{}}],"line":16},"2":{"loc":{"start":{"line":25,"column":4},"end":{"line":27,"column":5}},"type":"if","locations":[{"start":{"line":25,"column":4},"end":{"line":27,"column":5}},{"start":{},"end":{}}],"line":25},"3":{"loc":{"start":{"line":33,"column":4},"end":{"line":35,"column":5}},"type":"if","locations":[{"start":{"line":33,"column":4},"end":{"line":35,"column":5}},{"start":{},"end":{}}],"line":33},"4":{"loc":{"start":{"line":44,"column":4},"end":{"line":46,"column":5}},"type":"if","locations":[{"start":{"line":44,"column":4},"end":{"line":46,"column":5}},{"start":{},"end":{}}],"line":44},"5":{"loc":{"start":{"line":55,"column":4},"end":{"line":57,"column":5}},"type":"if","locations":[{"start":{"line":55,"column":4},"end":{"line":57,"column":5}},{"start":{},"end":{}}],"line":55},"6":{"loc":{"start":{"line":60,"column":4},"end":{"line":62,"column":5}},"type":"if","locations":[{"start":{"line":60,"column":4},"end":{"line":62,"column":5}},{"start":{},"end":{}}],"line":60},"7":{"loc":{"start":{"line":69,"column":4},"end":{"line":71,"column":5}},"type":"if","locations":[{"start":{"line":69,"column":4},"end":{"line":71,"column":5}},{"start":{},"end":{}}],"line":69},"8":{"loc":{"start":{"line":78,"column":4},"end":{"line":80,"column":5}},"type":"if","locations":[{"start":{"line":78,"column":4},"end":{"line":80,"column":5}},{"start":{},"end":{}}],"line":78}},"s":{"0":1,"1":1,"2":34,"3":1,"4":33,"5":3,"6":1,"7":3,"8":3,"9":8,"10":1,"11":8,"12":3,"13":1,"14":3,"15":4,"16":1,"17":4,"18":4,"19":1,"20":4,"21":4,"22":2,"23":2,"24":2,"25":3,"26":1,"27":3,"28":3,"29":3,"30":1,"31":3,"32":1},"f":{"0":1,"1":34,"2":3,"3":8,"4":3,"5":4,"6":4,"7":3,"8":3},"b":{"0":[1,33],"1":[1,2],"2":[1,7],"3":[1,2],"4":[1,3],"5":[1,3],"6":[2,2],"7":[1,2],"8":[1,2]},"_coverageSchema":"1a1c01bbd47fc00a2c39e90264f33305004495a9","hash":"2186ebaa535cf21dd037eab94ce1c852251b71d1"}
,"/Users/fridley/Documents/TFT/review-bot-server/src/routes/auth.js": {"path":"/Users/fridley/Documents/TFT/review-bot-server/src/routes/auth.js","statementMap":{"0":{"start":{"line":1,"column":16},"end":{"line":1,"column":34}},"1":{"start":{"line":2,"column":15},"end":{"line":2,"column":31}},"2":{"start":{"line":3,"column":17},"end":{"line":3,"column":49}},"3":{"start":{"line":4,"column":24},"end":{"line":4,"column":53}},"4":{"start":{"line":11,"column":0},"end":{"line":14,"column":2}},"5":{"start":{"line":17,"column":0},"end":{"line":25,"column":2}},"6":{"start":{"line":22,"column":24},"end":{"line":22,"column":73}},"7":{"start":{"line":23,"column":4},"end":{"line":23,"column":48}},"8":{"start":{"line":32,"column":0},"end":{"line":35,"column":2}},"9":{"start":{"line":38,"column":0},"end":{"line":46,"column":2}},"10":{"start":{"line":43,"column":24},"end":{"line":43,"column":73}},"11":{"start":{"line":44,"column":4},"end":{"line":44,"column":48}},"12":{"start":{"line":51,"column":0},"end":{"line":73,"column":3}},"13":{"start":{"line":52,"column":2},"end":{"line":72,"column":3}},"14":{"start":{"line":54,"column":4},"end":{"line":60,"column":5}},"15":{"start":{"line":55,"column":51},"end":{"line":55,"column":59}},"16":{"start":{"line":56,"column":6},"end":{"line":59,"column":9}},"17":{"start":{"line":62,"column":4},"end":{"line":65,"column":7}},"18":{"start":{"line":67,"column":4},"end":{"line":67,"column":57}},"19":{"start":{"line":68,"column":4},"end":{"line":71,"column":7}},"20":{"start":{"line":78,"column":0},"end":{"line":101,"column":3}},"21":{"start":{"line":79,"column":2},"end":{"line":100,"column":5}},"22":{"start":{"line":80,"column":4},"end":{"line":85,"column":5}},"23":{"start":{"line":81,"column":6},"end":{"line":84,"column":9}},"24":{"start":{"line":87,"column":4},"end":{"line":99,"column":7}},"25":{"start":{"line":88,"column":6},"end":{"line":93,"column":7}},"26":{"start":{"line":89,"column":8},"end":{"line":92,"column":11}},"27":{"start":{"line":95,"column":6},"end":{"line":98,"column":9}},"28":{"start":{"line":103,"column":0},"end":{"line":103,"column":24}}},"fnMap":{"0":{"name":"(anonymous_0)","decl":{"start":{"line":20,"column":2},"end":{"line":20,"column":3}},"loc":{"start":{"line":20,"column":16},"end":{"line":24,"column":3}},"line":20},"1":{"name":"(anonymous_1)","decl":{"start":{"line":41,"column":2},"end":{"line":41,"column":3}},"loc":{"start":{"line":41,"column":16},"end":{"line":45,"column":3}},"line":41},"2":{"name":"(anonymous_2)","decl":{"start":{"line":51,"column":31},"end":{"line":51,"column":32}},"loc":{"start":{"line":51,"column":51},"end":{"line":73,"column":1}},"line":51},"3":{"name":"(anonymous_3)","decl":{"start":{"line":78,"column":23},"end":{"line":78,"column":24}},"loc":{"start":{"line":78,"column":37},"end":{"line":101,"column":1}},"line":78},"4":{"name":"(anonymous_4)","decl":{"start":{"line":79,"column":13},"end":{"line":79,"column":14}},"loc":{"start":{"line":79,"column":22},"end":{"line":100,"column":3}},"line":79},"5":{"name":"(anonymous_5)","decl":{"start":{"line":87,"column":24},"end":{"line":87,"column":25}},"loc":{"start":{"line":87,"column":33},"end":{"line":99,"column":5}},"line":87}},"branchMap":{"0":{"loc":{"start":{"line":22,"column":24},"end":{"line":22,"column":73}},"type":"binary-expr","locations":[{"start":{"line":22,"column":24},"end":{"line":22,"column":46}},{"start":{"line":22,"column":50},"end":{"line":22,"column":73}}],"line":22},"1":{"loc":{"start":{"line":43,"column":24},"end":{"line":43,"column":73}},"type":"binary-expr","locations":[{"start":{"line":43,"column":24},"end":{"line":43,"column":46}},{"start":{"line":43,"column":50},"end":{"line":43,"column":73}}],"line":43},"2":{"loc":{"start":{"line":54,"column":4},"end":{"line":60,"column":5}},"type":"if","locations":[{"start":{"line":54,"column":4},"end":{"line":60,"column":5}},{"start":{},"end":{}}],"line":54},"3":{"loc":{"start":{"line":80,"column":4},"end":{"line":85,"column":5}},"type":"if","locations":[{"start":{"line":80,"column":4},"end":{"line":85,"column":5}},{"start":{},"end":{}}],"line":80},"4":{"loc":{"start":{"line":88,"column":6},"end":{"line":93,"column":7}},"type":"if","locations":[{"start":{"line":88,"column":6},"end":{"line":93,"column":7}},{"start":{},"end":{}}],"line":88}},"s":{"0":0,"1":0,"2":0,"3":0,"4":0,"5":0,"6":0,"7":0,"8":0,"9":0,"10":0,"11":0,"12":0,"13":0,"14":0,"15":0,"16":0,"17":0,"18":0,"19":0,"20":0,"21":0,"22":0,"23":0,"24":0,"25":0,"26":0,"27":0,"28":0},"f":{"0":0,"1":0,"2":0,"3":0,"4":0,"5":0},"b":{"0":[0,0],"1":[0,0],"2":[0,0],"3":[0,0],"4":[0,0]}}
,"/Users/fridley/Documents/TFT/review-bot-server/src/routes/users.js": {"path":"/Users/fridley/Documents/TFT/review-bot-server/src/routes/users.js","statementMap":{"0":{"start":{"line":1,"column":16},"end":{"line":1,"column":34}},"1":{"start":{"line":2,"column":15},"end":{"line":2,"column":31}},"2":{"start":{"line":3,"column":23},"end":{"line":3,"column":64}},"3":{"start":{"line":4,"column":24},"end":{"line":4,"column":53}},"4":{"start":{"line":11,"column":0},"end":{"line":48,"column":3}},"5":{"start":{"line":12,"column":2},"end":{"line":47,"column":3}},"6":{"start":{"line":13,"column":19},"end":{"line":13,"column":32}},"7":{"start":{"line":16,"column":22},"end":{"line":16,"column":87}},"8":{"start":{"line":17,"column":4},"end":{"line":22,"column":5}},"9":{"start":{"line":18,"column":6},"end":{"line":21,"column":9}},"10":{"start":{"line":25,"column":17},"end":{"line":25,"column":54}},"11":{"start":{"line":27,"column":4},"end":{"line":32,"column":5}},"12":{"start":{"line":28,"column":6},"end":{"line":31,"column":9}},"13":{"start":{"line":35,"column":49},"end":{"line":35,"column":53}},"14":{"start":{"line":37,"column":4},"end":{"line":40,"column":7}},"15":{"start":{"line":42,"column":4},"end":{"line":42,"column":49}},"16":{"start":{"line":43,"column":4},"end":{"line":46,"column":7}},"17":{"start":{"line":54,"column":0},"end":{"line":100,"column":3}},"18":{"start":{"line":55,"column":2},"end":{"line":99,"column":3}},"19":{"start":{"line":56,"column":32},"end":{"line":56,"column":40}},"20":{"start":{"line":59,"column":4},"end":{"line":64,"column":5}},"21":{"start":{"line":60,"column":6},"end":{"line":63,"column":9}},"22":{"start":{"line":67,"column":23},"end":{"line":67,"column":51}},"23":{"start":{"line":68,"column":4},"end":{"line":73,"column":5}},"24":{"start":{"line":69,"column":6},"end":{"line":72,"column":9}},"25":{"start":{"line":76,"column":17},"end":{"line":76,"column":67}},"26":{"start":{"line":78,"column":4},"end":{"line":83,"column":5}},"27":{"start":{"line":79,"column":6},"end":{"line":82,"column":9}},"28":{"start":{"line":86,"column":4},"end":{"line":86,"column":33}},"29":{"start":{"line":88,"column":4},"end":{"line":92,"column":7}},"30":{"start":{"line":94,"column":4},"end":{"line":94,"column":48}},"31":{"start":{"line":95,"column":4},"end":{"line":98,"column":7}},"32":{"start":{"line":106,"column":0},"end":{"line":168,"column":3}},"33":{"start":{"line":107,"column":2},"end":{"line":167,"column":3}},"34":{"start":{"line":108,"column":32},"end":{"line":108,"column":40}},"35":{"start":{"line":111,"column":4},"end":{"line":116,"column":5}},"36":{"start":{"line":112,"column":6},"end":{"line":115,"column":9}},"37":{"start":{"line":119,"column":23},"end":{"line":119,"column":51}},"38":{"start":{"line":120,"column":4},"end":{"line":125,"column":5}},"39":{"start":{"line":121,"column":6},"end":{"line":124,"column":9}},"40":{"start":{"line":128,"column":4},"end":{"line":133,"column":5}},"41":{"start":{"line":129,"column":6},"end":{"line":132,"column":9}},"42":{"start":{"line":136,"column":25},"end":{"line":136,"column":64}},"43":{"start":{"line":137,"column":4},"end":{"line":142,"column":5}},"44":{"start":{"line":138,"column":6},"end":{"line":141,"column":9}},"45":{"start":{"line":145,"column":20},"end":{"line":148,"column":6}},"46":{"start":{"line":151,"column":4},"end":{"line":151,"column":36}},"47":{"start":{"line":154,"column":52},"end":{"line":154,"column":59}},"48":{"start":{"line":156,"column":4},"end":{"line":160,"column":7}},"49":{"start":{"line":162,"column":4},"end":{"line":162,"column":49}},"50":{"start":{"line":163,"column":4},"end":{"line":166,"column":7}},"51":{"start":{"line":170,"column":0},"end":{"line":170,"column":24}}},"fnMap":{"0":{"name":"(anonymous_0)","decl":{"start":{"line":11,"column":37},"end":{"line":11,"column":38}},"loc":{"start":{"line":11,"column":57},"end":{"line":48,"column":1}},"line":11},"1":{"name":"(anonymous_1)","decl":{"start":{"line":54,"column":22},"end":{"line":54,"column":23}},"loc":{"start":{"line":54,"column":42},"end":{"line":100,"column":1}},"line":54},"2":{"name":"(anonymous_2)","decl":{"start":{"line":106,"column":23},"end":{"line":106,"column":24}},"loc":{"start":{"line":106,"column":43},"end":{"line":168,"column":1}},"line":106}},"branchMap":{"0":{"loc":{"start":{"line":17,"column":4},"end":{"line":22,"column":5}},"type":"if","locations":[{"start":{"line":17,"column":4},"end":{"line":22,"column":5}},{"start":{},"end":{}}],"line":17},"1":{"loc":{"start":{"line":27,"column":4},"end":{"line":32,"column":5}},"type":"if","locations":[{"start":{"line":27,"column":4},"end":{"line":32,"column":5}},{"start":{},"end":{}}],"line":27},"2":{"loc":{"start":{"line":59,"column":4},"end":{"line":64,"column":5}},"type":"if","locations":[{"start":{"line":59,"column":4},"end":{"line":64,"column":5}},{"start":{},"end":{}}],"line":59},"3":{"loc":{"start":{"line":59,"column":8},"end":{"line":59,"column":27}},"type":"binary-expr","locations":[{"start":{"line":59,"column":8},"end":{"line":59,"column":14}},{"start":{"line":59,"column":18},"end":{"line":59,"column":27}}],"line":59},"4":{"loc":{"start":{"line":68,"column":4},"end":{"line":73,"column":5}},"type":"if","locations":[{"start":{"line":68,"column":4},"end":{"line":73,"column":5}},{"start":{},"end":{}}],"line":68},"5":{"loc":{"start":{"line":78,"column":4},"end":{"line":83,"column":5}},"type":"if","locations":[{"start":{"line":78,"column":4},"end":{"line":83,"column":5}},{"start":{},"end":{}}],"line":78},"6":{"loc":{"start":{"line":111,"column":4},"end":{"line":116,"column":5}},"type":"if","locations":[{"start":{"line":111,"column":4},"end":{"line":116,"column":5}},{"start":{},"end":{}}],"line":111},"7":{"loc":{"start":{"line":111,"column":8},"end":{"line":111,"column":27}},"type":"binary-expr","locations":[{"start":{"line":111,"column":8},"end":{"line":111,"column":14}},{"start":{"line":111,"column":18},"end":{"line":111,"column":27}}],"line":111},"8":{"loc":{"start":{"line":120,"column":4},"end":{"line":125,"column":5}},"type":"if","locations":[{"start":{"line":120,"column":4},"end":{"line":125,"column":5}},{"start":{},"end":{}}],"line":120},"9":{"loc":{"start":{"line":128,"column":4},"end":{"line":133,"column":5}},"type":"if","locations":[{"start":{"line":128,"column":4},"end":{"line":133,"column":5}},{"start":{},"end":{}}],"line":128},"10":{"loc":{"start":{"line":137,"column":4},"end":{"line":142,"column":5}},"type":"if","locations":[{"start":{"line":137,"column":4},"end":{"line":142,"column":5}},{"start":{},"end":{}}],"line":137}},"s":{"0":0,"1":0,"2":0,"3":0,"4":0,"5":0,"6":0,"7":0,"8":0,"9":0,"10":0,"11":0,"12":0,"13":0,"14":0,"15":0,"16":0,"17":0,"18":0,"19":0,"20":0,"21":0,"22":0,"23":0,"24":0,"25":0,"26":0,"27":0,"28":0,"29":0,"30":0,"31":0,"32":0,"33":0,"34":0,"35":0,"36":0,"37":0,"38":0,"39":0,"40":0,"41":0,"42":0,"43":0,"44":0,"45":0,"46":0,"47":0,"48":0,"49":0,"50":0,"51":0},"f":{"0":0,"1":0,"2":0},"b":{"0":[0,0],"1":[0,0],"2":[0,0],"3":[0,0],"4":[0,0],"5":[0,0],"6":[0,0],"7":[0,0],"8":[0,0],"9":[0,0],"10":[0,0]}}
,"/Users/fridley/Documents/TFT/review-bot-server/src/routes/videos.js": {"path":"/Users/fridley/Documents/TFT/review-bot-server/src/routes/videos.js","statementMap":{"0":{"start":{"line":1,"column":16},"end":{"line":1,"column":34}},"1":{"start":{"line":2,"column":32},"end":{"line":2,"column":63}},"2":{"start":{"line":3,"column":24},"end":{"line":3,"column":53}},"3":{"start":{"line":4,"column":15},"end":{"line":4,"column":46}},"4":{"start":{"line":5,"column":24},"end":{"line":5,"column":66}},"5":{"start":{"line":7,"column":15},"end":{"line":7,"column":31}},"6":{"start":{"line":10,"column":0},"end":{"line":67,"column":3}},"7":{"start":{"line":11,"column":2},"end":{"line":66,"column":3}},"8":{"start":{"line":12,"column":19},"end":{"line":12,"column":37}},"9":{"start":{"line":13,"column":17},"end":{"line":13,"column":25}},"10":{"start":{"line":15,"column":4},"end":{"line":20,"column":5}},"11":{"start":{"line":16,"column":6},"end":{"line":19,"column":9}},"12":{"start":{"line":23,"column":26},"end":{"line":23,"column":60}},"13":{"start":{"line":24,"column":21},"end":{"line":24,"column":106}},"14":{"start":{"line":27,"column":17},"end":{"line":27,"column":38}},"15":{"start":{"line":28,"column":4},"end":{"line":36,"column":7}},"16":{"start":{"line":39,"column":19},"end":{"line":39,"column":78}},"17":{"start":{"line":42,"column":22},"end":{"line":50,"column":5}},"18":{"start":{"line":52,"column":18},"end":{"line":52,"column":62}},"19":{"start":{"line":54,"column":4},"end":{"line":58,"column":7}},"20":{"start":{"line":60,"column":4},"end":{"line":60,"column":51}},"21":{"start":{"line":61,"column":4},"end":{"line":65,"column":7}},"22":{"start":{"line":70,"column":0},"end":{"line":118,"column":3}},"23":{"start":{"line":71,"column":2},"end":{"line":117,"column":3}},"24":{"start":{"line":72,"column":19},"end":{"line":72,"column":29}},"25":{"start":{"line":75,"column":22},"end":{"line":75,"column":87}},"26":{"start":{"line":76,"column":4},"end":{"line":81,"column":5}},"27":{"start":{"line":77,"column":6},"end":{"line":80,"column":9}},"28":{"start":{"line":83,"column":18},"end":{"line":83,"column":52}},"29":{"start":{"line":85,"column":4},"end":{"line":90,"column":5}},"30":{"start":{"line":86,"column":6},"end":{"line":89,"column":9}},"31":{"start":{"line":93,"column":20},"end":{"line":93,"column":91}},"32":{"start":{"line":94,"column":17},"end":{"line":94,"column":37}},"33":{"start":{"line":97,"column":24},"end":{"line":101,"column":6}},"34":{"start":{"line":103,"column":4},"end":{"line":109,"column":7}},"35":{"start":{"line":111,"column":4},"end":{"line":111,"column":50}},"36":{"start":{"line":112,"column":4},"end":{"line":116,"column":7}},"37":{"start":{"line":121,"column":0},"end":{"line":148,"column":3}},"38":{"start":{"line":122,"column":2},"end":{"line":147,"column":3}},"39":{"start":{"line":123,"column":23},"end":{"line":123,"column":33}},"40":{"start":{"line":126,"column":22},"end":{"line":126,"column":87}},"41":{"start":{"line":127,"column":4},"end":{"line":132,"column":5}},"42":{"start":{"line":128,"column":6},"end":{"line":131,"column":9}},"43":{"start":{"line":134,"column":19},"end":{"line":134,"column":61}},"44":{"start":{"line":136,"column":4},"end":{"line":139,"column":7}},"45":{"start":{"line":141,"column":4},"end":{"line":141,"column":56}},"46":{"start":{"line":142,"column":4},"end":{"line":146,"column":7}},"47":{"start":{"line":151,"column":0},"end":{"line":202,"column":3}},"48":{"start":{"line":152,"column":2},"end":{"line":201,"column":3}},"49":{"start":{"line":153,"column":19},"end":{"line":153,"column":29}},"50":{"start":{"line":154,"column":19},"end":{"line":154,"column":37}},"51":{"start":{"line":157,"column":22},"end":{"line":157,"column":87}},"52":{"start":{"line":158,"column":4},"end":{"line":163,"column":5}},"53":{"start":{"line":159,"column":6},"end":{"line":162,"column":9}},"54":{"start":{"line":165,"column":18},"end":{"line":165,"column":52}},"55":{"start":{"line":167,"column":4},"end":{"line":172,"column":5}},"56":{"start":{"line":168,"column":6},"end":{"line":171,"column":9}},"57":{"start":{"line":175,"column":4},"end":{"line":180,"column":5}},"58":{"start":{"line":176,"column":6},"end":{"line":179,"column":9}},"59":{"start":{"line":183,"column":20},"end":{"line":183,"column":91}},"60":{"start":{"line":184,"column":17},"end":{"line":184,"column":37}},"61":{"start":{"line":185,"column":4},"end":{"line":185,"column":24}},"62":{"start":{"line":188,"column":4},"end":{"line":188,"column":42}},"63":{"start":{"line":190,"column":4},"end":{"line":193,"column":7}},"64":{"start":{"line":195,"column":4},"end":{"line":195,"column":50}},"65":{"start":{"line":196,"column":4},"end":{"line":200,"column":7}},"66":{"start":{"line":204,"column":0},"end":{"line":204,"column":24}}},"fnMap":{"0":{"name":"(anonymous_0)","decl":{"start":{"line":10,"column":60},"end":{"line":10,"column":61}},"loc":{"start":{"line":10,"column":80},"end":{"line":67,"column":1}},"line":10},"1":{"name":"(anonymous_1)","decl":{"start":{"line":70,"column":32},"end":{"line":70,"column":33}},"loc":{"start":{"line":70,"column":52},"end":{"line":118,"column":1}},"line":70},"2":{"name":"(anonymous_2)","decl":{"start":{"line":121,"column":41},"end":{"line":121,"column":42}},"loc":{"start":{"line":121,"column":61},"end":{"line":148,"column":1}},"line":121},"3":{"name":"(anonymous_3)","decl":{"start":{"line":151,"column":35},"end":{"line":151,"column":36}},"loc":{"start":{"line":151,"column":55},"end":{"line":202,"column":1}},"line":151}},"branchMap":{"0":{"loc":{"start":{"line":15,"column":4},"end":{"line":20,"column":5}},"type":"if","locations":[{"start":{"line":15,"column":4},"end":{"line":20,"column":5}},{"start":{},"end":{}}],"line":15},"1":{"loc":{"start":{"line":43,"column":13},"end":{"line":43,"column":48}},"type":"binary-expr","locations":[{"start":{"line":43,"column":13},"end":{"line":43,"column":27}},{"start":{"line":43,"column":31},"end":{"line":43,"column":48}}],"line":43},"2":{"loc":{"start":{"line":44,"column":19},"end":{"line":44,"column":47}},"type":"binary-expr","locations":[{"start":{"line":44,"column":19},"end":{"line":44,"column":39}},{"start":{"line":44,"column":43},"end":{"line":44,"column":47}}],"line":44},"3":{"loc":{"start":{"line":76,"column":4},"end":{"line":81,"column":5}},"type":"if","locations":[{"start":{"line":76,"column":4},"end":{"line":81,"column":5}},{"start":{},"end":{}}],"line":76},"4":{"loc":{"start":{"line":85,"column":4},"end":{"line":90,"column":5}},"type":"if","locations":[{"start":{"line":85,"column":4},"end":{"line":90,"column":5}},{"start":{},"end":{}}],"line":85},"5":{"loc":{"start":{"line":127,"column":4},"end":{"line":132,"column":5}},"type":"if","locations":[{"start":{"line":127,"column":4},"end":{"line":132,"column":5}},{"start":{},"end":{}}],"line":127},"6":{"loc":{"start":{"line":158,"column":4},"end":{"line":163,"column":5}},"type":"if","locations":[{"start":{"line":158,"column":4},"end":{"line":163,"column":5}},{"start":{},"end":{}}],"line":158},"7":{"loc":{"start":{"line":167,"column":4},"end":{"line":172,"column":5}},"type":"if","locations":[{"start":{"line":167,"column":4},"end":{"line":172,"column":5}},{"start":{},"end":{}}],"line":167},"8":{"loc":{"start":{"line":175,"column":4},"end":{"line":180,"column":5}},"type":"if","locations":[{"start":{"line":175,"column":4},"end":{"line":180,"column":5}},{"start":{},"end":{}}],"line":175}},"s":{"0":0,"1":0,"2":0,"3":0,"4":0,"5":0,"6":0,"7":0,"8":0,"9":0,"10":0,"11":0,"12":0,"13":0,"14":0,"15":0,"16":0,"17":0,"18":0,"19":0,"20":0,"21":0,"22":0,"23":0,"24":0,"25":0,"26":0,"27":0,"28":0,"29":0,"30":0,"31":0,"32":0,"33":0,"34":0,"35":0,"36":0,"37":0,"38":0,"39":0,"40":0,"41":0,"42":0,"43":0,"44":0,"45":0,"46":0,"47":0,"48":0,"49":0,"50":0,"51":0,"52":0,"53":0,"54":0,"55":0,"56":0,"57":0,"58":0,"59":0,"60":0,"61":0,"62":0,"63":0,"64":0,"65":0,"66":0},"f":{"0":0,"1":0,"2":0,"3":0},"b":{"0":[0,0],"1":[0,0],"2":[0,0],"3":[0,0],"4":[0,0],"5":[0,0],"6":[0,0],"7":[0,0],"8":[0,0]}}
,"/Users/fridley/Documents/TFT/review-bot-server/src/subscribers/UserSubscriber.js": {"path":"/Users/fridley/Documents/TFT/review-bot-server/src/subscribers/UserSubscriber.js","statementMap":{"0":{"start":{"line":1,"column":38},"end":{"line":1,"column":56}},"1":{"start":{"line":2,"column":25},"end":{"line":2,"column":53}},"2":{"start":{"line":12,"column":4},"end":{"line":12,"column":18}},"3":{"start":{"line":20,"column":4},"end":{"line":22,"column":5}},"4":{"start":{"line":21,"column":6},"end":{"line":21,"column":72}},"5":{"start":{"line":31,"column":4},"end":{"line":36,"column":5}},"6":{"start":{"line":33,"column":6},"end":{"line":35,"column":7}},"7":{"start":{"line":34,"column":8},"end":{"line":34,"column":74}},"8":{"start":{"line":40,"column":0},"end":{"line":40,"column":32}}},"fnMap":{"0":{"name":"(anonymous_0)","decl":{"start":{"line":11,"column":2},"end":{"line":11,"column":3}},"loc":{"start":{"line":11,"column":13},"end":{"line":13,"column":3}},"line":11},"1":{"name":"(anonymous_1)","decl":{"start":{"line":19,"column":2},"end":{"line":19,"column":3}},"loc":{"start":{"line":19,"column":28},"end":{"line":23,"column":3}},"line":19},"2":{"name":"(anonymous_2)","decl":{"start":{"line":29,"column":2},"end":{"line":29,"column":3}},"loc":{"start":{"line":29,"column":28},"end":{"line":37,"column":3}},"line":29}},"branchMap":{"0":{"loc":{"start":{"line":20,"column":4},"end":{"line":22,"column":5}},"type":"if","locations":[{"start":{"line":20,"column":4},"end":{"line":22,"column":5}},{"start":{},"end":{}}],"line":20},"1":{"loc":{"start":{"line":31,"column":4},"end":{"line":36,"column":5}},"type":"if","locations":[{"start":{"line":31,"column":4},"end":{"line":36,"column":5}},{"start":{},"end":{}}],"line":31},"2":{"loc":{"start":{"line":31,"column":8},"end":{"line":31,"column":53}},"type":"binary-expr","locations":[{"start":{"line":31,"column":8},"end":{"line":31,"column":29}},{"start":{"line":31,"column":33},"end":{"line":31,"column":53}}],"line":31},"3":{"loc":{"start":{"line":33,"column":6},"end":{"line":35,"column":7}},"type":"if","locations":[{"start":{"line":33,"column":6},"end":{"line":35,"column":7}},{"start":{},"end":{}}],"line":33}},"s":{"0":0,"1":0,"2":0,"3":0,"4":0,"5":0,"6":0,"7":0,"8":0},"f":{"0":0,"1":0,"2":0},"b":{"0":[0,0],"1":[0,0],"2":[0,0],"3":[0,0]}}
,"/Users/fridley/Documents/TFT/review-bot-server/src/utils/password.js": {"path":"/Users/fridley/Documents/TFT/review-bot-server/src/utils/password.js","statementMap":{"0":{"start":{"line":1,"column":15},"end":{"line":1,"column":32}},"1":{"start":{"line":3,"column":20},"end":{"line":3,"column":22}},"2":{"start":{"line":10,"column":21},"end":{"line":12,"column":1}},"3":{"start":{"line":11,"column":2},"end":{"line":11,"column":50}},"4":{"start":{"line":20,"column":24},"end":{"line":22,"column":1}},"5":{"start":{"line":21,"column":2},"end":{"line":21,"column":56}},"6":{"start":{"line":24,"column":0},"end":{"line":27,"column":2}}},"fnMap":{"0":{"name":"(anonymous_0)","decl":{"start":{"line":10,"column":21},"end":{"line":10,"column":22}},"loc":{"start":{"line":10,"column":41},"end":{"line":12,"column":1}},"line":10},"1":{"name":"(anonymous_1)","decl":{"start":{"line":20,"column":24},"end":{"line":20,"column":25}},"loc":{"start":{"line":20,"column":60},"end":{"line":22,"column":1}},"line":20}},"branchMap":{},"s":{"0":0,"1":0,"2":0,"3":0,"4":0,"5":0,"6":0},"f":{"0":0,"1":0},"b":{}}
}
