TN:
SF:src/entities/User.js
FNF:0
FNH:0
DA:1,0
DA:3,0
LF:2
LH:0
BRF:0
BRH:0
end_of_record
TN:
SF:src/entities/Video.js
FNF:0
FNH:0
DA:1,0
DA:3,0
LF:2
LH:0
BRF:0
BRH:0
end_of_record
TN:
SF:src/middleware/auth.js
FN:5,(anonymous_0)
FN:22,(anonymous_1)
FNF:2
FNH:0
FNDA:0,(anonymous_0)
FNDA:0,(anonymous_1)
DA:5,0
DA:7,0
DA:8,0
DA:15,0
DA:22,0
DA:23,0
DA:24,0
DA:25,0
DA:28,0
LF:9
LH:0
BRDA:7,0,0,0
BRDA:7,0,1,0
BRDA:7,1,0,0
BRDA:7,1,1,0
BRDA:23,2,0,0
BRDA:23,2,1,0
BRDA:24,3,0,0
BRDA:24,3,1,0
BRF:8
BRH:0
end_of_record
TN:
SF:src/middleware/upload.js
FN:7,(anonymous_0)
FNF:1
FNH:0
FNDA:0,(anonymous_0)
DA:1,0
DA:4,0
DA:7,0
DA:8,0
DA:19,0
DA:20,0
DA:22,0
DA:32,0
DA:40,0
LF:9
LH:0
BRDA:19,0,0,0
BRDA:19,0,1,0
BRF:2
BRH:0
end_of_record
TN:
SF:src/repositories/UserRepository.js
FN:9,(anonymous_0)
FN:16,(anonymous_1)
FN:29,(anonymous_2)
FN:39,(anonymous_3)
FN:48,(anonymous_4)
FN:58,(anonymous_5)
FN:67,(anonymous_6)
FN:77,(anonymous_7)
FN:104,(anonymous_8)
FN:114,(anonymous_9)
FN:123,(anonymous_10)
FNF:11
FNH:11
FNDA:1,(anonymous_0)
FNDA:21,(anonymous_1)
FNDA:2,(anonymous_2)
FNDA:4,(anonymous_3)
FNDA:6,(anonymous_4)
FNDA:1,(anonymous_5)
FNDA:1,(anonymous_6)
FNDA:4,(anonymous_7)
FNDA:2,(anonymous_8)
FNDA:2,(anonymous_9)
FNDA:2,(anonymous_10)
DA:1,1
DA:2,1
DA:10,1
DA:17,21
DA:18,1
DA:20,20
DA:21,20
DA:30,2
DA:31,2
DA:40,4
DA:49,6
DA:59,1
DA:68,1
DA:78,4
DA:79,4
DA:80,1
DA:84,3
DA:85,1
DA:88,2
DA:89,2
DA:90,1
DA:94,1
DA:95,1
DA:105,2
DA:106,2
DA:115,2
DA:116,2
DA:124,2
DA:130,1
LF:29
LH:29
BRDA:17,0,0,1
BRDA:17,0,1,20
BRDA:79,1,0,1
BRDA:79,1,1,3
BRDA:84,2,0,1
BRDA:84,2,1,2
BRDA:89,3,0,1
BRDA:89,3,1,1
BRF:8
BRH:8
end_of_record
TN:
SF:src/repositories/VideoRepository.js
FN:4,(anonymous_0)
FN:8,(anonymous_1)
FN:15,(anonymous_2)
FN:24,(anonymous_3)
FN:32,(anonymous_4)
FN:43,(anonymous_5)
FN:54,(anonymous_6)
FN:68,(anonymous_7)
FN:77,(anonymous_8)
FNF:9
FNH:9
FNDA:1,(anonymous_0)
FNDA:34,(anonymous_1)
FNDA:3,(anonymous_2)
FNDA:8,(anonymous_3)
FNDA:3,(anonymous_4)
FNDA:4,(anonymous_5)
FNDA:4,(anonymous_6)
FNDA:3,(anonymous_7)
FNDA:3,(anonymous_8)
DA:1,1
DA:5,1
DA:9,34
DA:10,1
DA:12,33
DA:16,3
DA:17,1
DA:20,3
DA:21,3
DA:25,8
DA:26,1
DA:29,8
DA:33,3
DA:34,1
DA:37,3
DA:44,4
DA:45,1
DA:48,4
DA:55,4
DA:56,1
DA:59,4
DA:60,4
DA:61,2
DA:64,2
DA:65,2
DA:69,3
DA:70,1
DA:73,3
DA:74,3
DA:78,3
DA:79,1
DA:82,3
DA:88,1
LF:33
LH:33
BRDA:9,0,0,1
BRDA:9,0,1,33
BRDA:16,1,0,1
BRDA:16,1,1,2
BRDA:25,2,0,1
BRDA:25,2,1,7
BRDA:33,3,0,1
BRDA:33,3,1,2
BRDA:44,4,0,1
BRDA:44,4,1,3
BRDA:55,5,0,1
BRDA:55,5,1,3
BRDA:60,6,0,2
BRDA:60,6,1,2
BRDA:69,7,0,1
BRDA:69,7,1,2
BRDA:78,8,0,1
BRDA:78,8,1,2
BRF:18
BRH:18
end_of_record
TN:
SF:src/routes/auth.js
FN:20,(anonymous_0)
FN:41,(anonymous_1)
FN:51,(anonymous_2)
FN:78,(anonymous_3)
FN:79,(anonymous_4)
FN:87,(anonymous_5)
FNF:6
FNH:0
FNDA:0,(anonymous_0)
FNDA:0,(anonymous_1)
FNDA:0,(anonymous_2)
FNDA:0,(anonymous_3)
FNDA:0,(anonymous_4)
FNDA:0,(anonymous_5)
DA:1,0
DA:2,0
DA:3,0
DA:4,0
DA:11,0
DA:17,0
DA:22,0
DA:23,0
DA:32,0
DA:38,0
DA:43,0
DA:44,0
DA:51,0
DA:52,0
DA:54,0
DA:55,0
DA:56,0
DA:62,0
DA:67,0
DA:68,0
DA:78,0
DA:79,0
DA:80,0
DA:81,0
DA:87,0
DA:88,0
DA:89,0
DA:95,0
DA:103,0
LF:29
LH:0
BRDA:22,0,0,0
BRDA:22,0,1,0
BRDA:43,1,0,0
BRDA:43,1,1,0
BRDA:54,2,0,0
BRDA:54,2,1,0
BRDA:80,3,0,0
BRDA:80,3,1,0
BRDA:88,4,0,0
BRDA:88,4,1,0
BRF:10
BRH:0
end_of_record
TN:
SF:src/routes/users.js
FN:11,(anonymous_0)
FN:54,(anonymous_1)
FN:106,(anonymous_2)
FNF:3
FNH:0
FNDA:0,(anonymous_0)
FNDA:0,(anonymous_1)
FNDA:0,(anonymous_2)
DA:1,0
DA:2,0
DA:3,0
DA:4,0
DA:11,0
DA:12,0
DA:13,0
DA:16,0
DA:17,0
DA:18,0
DA:25,0
DA:27,0
DA:28,0
DA:35,0
DA:37,0
DA:42,0
DA:43,0
DA:54,0
DA:55,0
DA:56,0
DA:59,0
DA:60,0
DA:67,0
DA:68,0
DA:69,0
DA:76,0
DA:78,0
DA:79,0
DA:86,0
DA:88,0
DA:94,0
DA:95,0
DA:106,0
DA:107,0
DA:108,0
DA:111,0
DA:112,0
DA:119,0
DA:120,0
DA:121,0
DA:128,0
DA:129,0
DA:136,0
DA:137,0
DA:138,0
DA:145,0
DA:151,0
DA:154,0
DA:156,0
DA:162,0
DA:163,0
DA:170,0
LF:52
LH:0
BRDA:17,0,0,0
BRDA:17,0,1,0
BRDA:27,1,0,0
BRDA:27,1,1,0
BRDA:59,2,0,0
BRDA:59,2,1,0
BRDA:59,3,0,0
BRDA:59,3,1,0
BRDA:68,4,0,0
BRDA:68,4,1,0
BRDA:78,5,0,0
BRDA:78,5,1,0
BRDA:111,6,0,0
BRDA:111,6,1,0
BRDA:111,7,0,0
BRDA:111,7,1,0
BRDA:120,8,0,0
BRDA:120,8,1,0
BRDA:128,9,0,0
BRDA:128,9,1,0
BRDA:137,10,0,0
BRDA:137,10,1,0
BRF:22
BRH:0
end_of_record
TN:
SF:src/routes/videos.js
FN:10,(anonymous_0)
FN:70,(anonymous_1)
FN:121,(anonymous_2)
FN:151,(anonymous_3)
FNF:4
FNH:0
FNDA:0,(anonymous_0)
FNDA:0,(anonymous_1)
FNDA:0,(anonymous_2)
FNDA:0,(anonymous_3)
DA:1,0
DA:2,0
DA:3,0
DA:4,0
DA:5,0
DA:7,0
DA:10,0
DA:11,0
DA:12,0
DA:13,0
DA:15,0
DA:16,0
DA:23,0
DA:24,0
DA:27,0
DA:28,0
DA:39,0
DA:42,0
DA:52,0
DA:54,0
DA:60,0
DA:61,0
DA:70,0
DA:71,0
DA:72,0
DA:75,0
DA:76,0
DA:77,0
DA:83,0
DA:85,0
DA:86,0
DA:93,0
DA:94,0
DA:97,0
DA:103,0
DA:111,0
DA:112,0
DA:121,0
DA:122,0
DA:123,0
DA:126,0
DA:127,0
DA:128,0
DA:134,0
DA:136,0
DA:141,0
DA:142,0
DA:151,0
DA:152,0
DA:153,0
DA:154,0
DA:157,0
DA:158,0
DA:159,0
DA:165,0
DA:167,0
DA:168,0
DA:175,0
DA:176,0
DA:183,0
DA:184,0
DA:185,0
DA:188,0
DA:190,0
DA:195,0
DA:196,0
DA:204,0
LF:67
LH:0
BRDA:15,0,0,0
BRDA:15,0,1,0
BRDA:43,1,0,0
BRDA:43,1,1,0
BRDA:44,2,0,0
BRDA:44,2,1,0
BRDA:76,3,0,0
BRDA:76,3,1,0
BRDA:85,4,0,0
BRDA:85,4,1,0
BRDA:127,5,0,0
BRDA:127,5,1,0
BRDA:158,6,0,0
BRDA:158,6,1,0
BRDA:167,7,0,0
BRDA:167,7,1,0
BRDA:175,8,0,0
BRDA:175,8,1,0
BRF:18
BRH:0
end_of_record
TN:
SF:src/subscribers/UserSubscriber.js
FN:11,(anonymous_0)
FN:19,(anonymous_1)
FN:29,(anonymous_2)
FNF:3
FNH:0
FNDA:0,(anonymous_0)
FNDA:0,(anonymous_1)
FNDA:0,(anonymous_2)
DA:1,0
DA:2,0
DA:12,0
DA:20,0
DA:21,0
DA:31,0
DA:33,0
DA:34,0
DA:40,0
LF:9
LH:0
BRDA:20,0,0,0
BRDA:20,0,1,0
BRDA:31,1,0,0
BRDA:31,1,1,0
BRDA:31,2,0,0
BRDA:31,2,1,0
BRDA:33,3,0,0
BRDA:33,3,1,0
BRF:8
BRH:0
end_of_record
TN:
SF:src/utils/password.js
FN:10,(anonymous_0)
FN:20,(anonymous_1)
FNF:2
FNH:0
FNDA:0,(anonymous_0)
FNDA:0,(anonymous_1)
DA:1,0
DA:3,0
DA:10,0
DA:11,0
DA:20,0
DA:21,0
DA:24,0
LF:7
LH:0
BRF:0
BRH:0
end_of_record
